This file contains any messages produced by compilers while
running configure, to aid debugging if configure makes a mistake.

It was created by configure, which was
generated by GNU Autoconf 2.65.  Invocation command line was

  $ ./configure --prefix=/home/john

## --------- ##
## Platform. ##
## --------- ##

hostname = hopper.si.edu
uname -m = x86_64
uname -r = 2.6.18-194.3.1.el5xen
uname -s = Linux
uname -v = #1 SMP Thu May 13 13:49:53 EDT 2010

/usr/bin/uname -p = unknown
/bin/uname -X     = unknown

/bin/arch              = x86_64
/usr/bin/arch -k       = unknown
/usr/convex/getsysinfo = unknown
/usr/bin/hostinfo      = unknown
/bin/machine           = unknown
/usr/bin/oslevel       = unknown
/bin/universe          = unknown

PATH: /usr/kerberos/bin
PATH: /usr/local/bin
PATH: /bin
PATH: /usr/bin
PATH: /home/john/epd_free-7.1-2-rh5-x86_64/bin
PATH: /home/john/bin


## ----------- ##
## Core tests. ##
## ----------- ##

configure:2450: checking for gcc
configure:2466: found /usr/bin/gcc
configure:2477: result: gcc
configure:2706: checking for C compiler version
configure:2715: gcc --version >&5
gcc (GCC) 4.1.2 20080704 (Red Hat 4.1.2-51)
Copyright (C) 2006 Free Software Foundation, Inc.
This is free software; see the source for copying conditions.  There is NO
warranty; not even for MERCHANTABILITY or FITNESS FOR A PARTICULAR PURPOSE.

configure:2726: $? = 0
configure:2715: gcc -v >&5
Using built-in specs.
Target: x86_64-redhat-linux
Configured with: ../configure --prefix=/usr --mandir=/usr/share/man --infodir=/usr/share/info --enable-shared --enable-threads=posix --enable-checking=release --with-system-zlib --enable-__cxa_atexit --disable-libunwind-exceptions --enable-libgcj-multifile --enable-languages=c,c++,objc,obj-c++,java,fortran,ada --enable-java-awt=gtk --disable-dssi --disable-plugin --with-java-home=/usr/lib/jvm/java-1.4.2-gcj-1.4.2.0/jre --with-cpu=generic --host=x86_64-redhat-linux
Thread model: posix
gcc version 4.1.2 20080704 (Red Hat 4.1.2-51)
configure:2726: $? = 0
configure:2715: gcc -V >&5
gcc: '-V' option must have argument
configure:2726: $? = 1
configure:2715: gcc -qversion >&5
gcc: unrecognized option '-qversion'
gcc: no input files
configure:2726: $? = 1
configure:2746: checking whether the C compiler works
configure:2768: gcc    conftest.c  >&5
configure:2772: $? = 0
configure:2821: result: yes
configure:2824: checking for C compiler default output file name
configure:2826: result: a.out
configure:2832: checking for suffix of executables
configure:2839: gcc -o conftest    conftest.c  >&5
configure:2843: $? = 0
configure:2865: result: 
configure:2887: checking whether we are cross compiling
configure:2895: gcc -o conftest    conftest.c  >&5
configure:2899: $? = 0
configure:2906: ./conftest
configure:2910: $? = 0
configure:2925: result: no
configure:2930: checking for suffix of object files
configure:2952: gcc -c   conftest.c >&5
configure:2956: $? = 0
configure:2977: result: o
configure:2981: checking whether we are using the GNU C compiler
configure:3000: gcc -c   conftest.c >&5
configure:3000: $? = 0
configure:3009: result: yes
configure:3018: checking whether gcc accepts -g
configure:3038: gcc -c -g  conftest.c >&5
configure:3038: $? = 0
configure:3079: result: yes
configure:3096: checking for gcc option to accept ISO C89
configure:3160: gcc  -c -g -O2  conftest.c >&5
configure:3160: $? = 0
configure:3173: result: none needed
configure:3194: checking for library containing strerror
configure:3225: gcc -o conftest -g -O2   conftest.c  >&5
configure:3225: $? = 0
configure:3242: result: none required
configure:3254: checking for gcc option to accept ISO C99
configure:3403: gcc  -c -g -O2  conftest.c >&5
conftest.c:60: error: expected ';', ',' or ')' before 'text'
conftest.c: In function 'main':
conftest.c:114: error: expected '=', ',', ';', 'asm' or '__attribute__' before 'newvar'
conftest.c:114: error: 'newvar' undeclared (first use in this function)
conftest.c:114: error: (Each undeclared identifier is reported only once
conftest.c:114: error: for each function it appears in.)
conftest.c:124: error: 'for' loop initial declaration used outside C99 mode
configure:3403: $? = 1
configure: failed program was:
| /* confdefs.h */
| #define PACKAGE_NAME ""
| #define PACKAGE_TARNAME ""
| #define PACKAGE_VERSION ""
| #define PACKAGE_STRING ""
| #define PACKAGE_BUGREPORT ""
| #define PACKAGE_URL ""
| #define SYSTEM_XPDFRC "/home/john/etc/xpdfrc"
| /* end confdefs.h.  */
| #include <stdarg.h>
| #include <stdbool.h>
| #include <stdlib.h>
| #include <wchar.h>
| #include <stdio.h>
| 
| // Check varargs macros.  These examples are taken from C99 6.10.3.5.
| #define debug(...) fprintf (stderr, __VA_ARGS__)
| #define showlist(...) puts (#__VA_ARGS__)
| #define report(test,...) ((test) ? puts (#test) : printf (__VA_ARGS__))
| static void
| test_varargs_macros (void)
| {
|   int x = 1234;
|   int y = 5678;
|   debug ("Flag");
|   debug ("X = %d\n", x);
|   showlist (The first, second, and third items.);
|   report (x>y, "x is %d but y is %d", x, y);
| }
| 
| // Check long long types.
| #define BIG64 18446744073709551615ull
| #define BIG32 4294967295ul
| #define BIG_OK (BIG64 / BIG32 == 4294967297ull && BIG64 % BIG32 == 0)
| #if !BIG_OK
|   your preprocessor is broken;
| #endif
| #if BIG_OK
| #else
|   your preprocessor is broken;
| #endif
| static long long int bignum = -9223372036854775807LL;
| static unsigned long long int ubignum = BIG64;
| 
| struct incomplete_array
| {
|   int datasize;
|   double data[];
| };
| 
| struct named_init {
|   int number;
|   const wchar_t *name;
|   double average;
| };
| 
| typedef const char *ccp;
| 
| static inline int
| test_restrict (ccp restrict text)
| {
|   // See if C++-style comments work.
|   // Iterate through items via the restricted pointer.
|   // Also check for declarations in for loops.
|   for (unsigned int i = 0; *(text+i) != '\0'; ++i)
|     continue;
|   return 0;
| }
| 
| // Check varargs and va_copy.
| static void
| test_varargs (const char *format, ...)
| {
|   va_list args;
|   va_start (args, format);
|   va_list args_copy;
|   va_copy (args_copy, args);
| 
|   const char *str;
|   int number;
|   float fnumber;
| 
|   while (*format)
|     {
|       switch (*format++)
| 	{
| 	case 's': // string
| 	  str = va_arg (args_copy, const char *);
| 	  break;
| 	case 'd': // int
| 	  number = va_arg (args_copy, int);
| 	  break;
| 	case 'f': // float
| 	  fnumber = va_arg (args_copy, double);
| 	  break;
| 	default:
| 	  break;
| 	}
|     }
|   va_end (args_copy);
|   va_end (args);
| }
| 
| int
| main ()
| {
| 
|   // Check bool.
|   _Bool success = false;
| 
|   // Check restrict.
|   if (test_restrict ("String literal") == 0)
|     success = true;
|   char *restrict newvar = "Another string";
| 
|   // Check varargs.
|   test_varargs ("s, d' f .", "string", 65, 34.234);
|   test_varargs_macros ();
| 
|   // Check flexible array members.
|   struct incomplete_array *ia =
|     malloc (sizeof (struct incomplete_array) + (sizeof (double) * 10));
|   ia->datasize = 10;
|   for (int i = 0; i < ia->datasize; ++i)
|     ia->data[i] = i * 1.234;
| 
|   // Check named initializers.
|   struct named_init ni = {
|     .number = 34,
|     .name = L"Test wide string",
|     .average = 543.34343,
|   };
| 
|   ni.number = 58;
| 
|   int dynamic_array[ni.number];
|   dynamic_array[ni.number - 1] = 543;
| 
|   // work around unused variable warnings
|   return (!success || bignum == 0LL || ubignum == 0uLL || newvar[0] == 'x'
| 	  || dynamic_array[ni.number - 1] != 543);
| 
|   ;
|   return 0;
| }
configure:3403: gcc -std=gnu99 -c -g -O2  conftest.c >&5
configure:3403: $? = 0
configure:3423: result: -std=gnu99
configure:3525: checking for gcc -std=gnu99 option to accept ISO Standard C
configure:3539: result: -std=gnu99
configure:3604: checking for g++
configure:3634: result: no
configure:3604: checking for c++
configure:3634: result: no
configure:3604: checking for gpp
configure:3634: result: no
configure:3604: checking for aCC
configure:3634: result: no
configure:3604: checking for CC
configure:3634: result: no
configure:3604: checking for cxx
configure:3634: result: no
configure:3604: checking for cc++
configure:3634: result: no
configure:3604: checking for cl.exe
configure:3634: result: no
configure:3604: checking for FCC
configure:3634: result: no
configure:3604: checking for KCC
configure:3634: result: no
configure:3604: checking for RCC
configure:3634: result: no
configure:3604: checking for xlC_r
configure:3634: result: no
configure:3604: checking for xlC
configure:3634: result: no
configure:3658: checking for C++ compiler version
configure:3667: g++ --version >&5
./configure: line 3669: g++: command not found
configure:3678: $? = 127
configure:3667: g++ -v >&5
./configure: line 3669: g++: command not found
configure:3678: $? = 127
configure:3667: g++ -V >&5
./configure: line 3669: g++: command not found
configure:3678: $? = 127
configure:3667: g++ -qversion >&5
./configure: line 3669: g++: command not found
configure:3678: $? = 127
configure:3682: checking whether we are using the GNU C++ compiler
configure:3701: g++ -c   conftest.cpp >&5
./configure: line 1576: g++: command not found
configure:3701: $? = 127
configure: failed program was:
| /* confdefs.h */
| #define PACKAGE_NAME ""
| #define PACKAGE_TARNAME ""
| #define PACKAGE_VERSION ""
| #define PACKAGE_STRING ""
| #define PACKAGE_BUGREPORT ""
| #define PACKAGE_URL ""
| #define SYSTEM_XPDFRC "/home/john/etc/xpdfrc"
| /* end confdefs.h.  */
| 
| int
| main ()
| {
| #ifndef __GNUC__
|        choke me
| #endif
| 
|   ;
|   return 0;
| }
configure:3710: result: no
configure:3719: checking whether g++ accepts -g
configure:3739: g++ -c -g  conftest.cpp >&5
./configure: line 1576: g++: command not found
configure:3739: $? = 127
configure: failed program was:
| /* confdefs.h */
| #define PACKAGE_NAME ""
| #define PACKAGE_TARNAME ""
| #define PACKAGE_VERSION ""
| #define PACKAGE_STRING ""
| #define PACKAGE_BUGREPORT ""
| #define PACKAGE_URL ""
| #define SYSTEM_XPDFRC "/home/john/etc/xpdfrc"
| /* end confdefs.h.  */
| 
| int
| main ()
| {
| 
|   ;
|   return 0;
| }
configure:3754: g++ -c   conftest.cpp >&5
./configure: line 1576: g++: command not found
configure:3754: $? = 127
configure: failed program was:
| /* confdefs.h */
| #define PACKAGE_NAME ""
| #define PACKAGE_TARNAME ""
| #define PACKAGE_VERSION ""
| #define PACKAGE_STRING ""
| #define PACKAGE_BUGREPORT ""
| #define PACKAGE_URL ""
| #define SYSTEM_XPDFRC "/home/john/etc/xpdfrc"
| /* end confdefs.h.  */
| 
| int
| main ()
| {
| 
|   ;
|   return 0;
| }
configure:3770: g++ -c -g  conftest.cpp >&5
./configure: line 1576: g++: command not found
configure:3770: $? = 127
configure: failed program was:
| /* confdefs.h */
| #define PACKAGE_NAME ""
| #define PACKAGE_TARNAME ""
| #define PACKAGE_VERSION ""
| #define PACKAGE_STRING ""
| #define PACKAGE_BUGREPORT ""
| #define PACKAGE_URL ""
| #define SYSTEM_XPDFRC "/home/john/etc/xpdfrc"
| /* end confdefs.h.  */
| 
| int
| main ()
| {
| 
|   ;
|   return 0;
| }
configure:3780: result: no
configure:3840: checking for a BSD-compatible install
configure:3908: result: /usr/bin/install -c
configure:3962: checking for ranlib
configure:3978: found /usr/bin/ranlib
configure:3989: result: ranlib
configure:4017: checking for OS/2 (with EMX)
configure:4033: gcc -std=gnu99 -c -g -O2  conftest.c >&5
conftest.c: In function 'main':
conftest.c:14: error: '__EMX__' undeclared (first use in this function)
conftest.c:14: error: (Each undeclared identifier is reported only once
conftest.c:14: error: for each function it appears in.)
configure:4033: $? = 1
configure: failed program was:
| /* confdefs.h */
| #define PACKAGE_NAME ""
| #define PACKAGE_TARNAME ""
| #define PACKAGE_VERSION ""
| #define PACKAGE_STRING ""
| #define PACKAGE_BUGREPORT ""
| #define PACKAGE_URL ""
| #define SYSTEM_XPDFRC "/home/john/etc/xpdfrc"
| /* end confdefs.h.  */
| 
| int
| main ()
| {
| __EMX__
|   ;
|   return 0;
| }
configure:4040: result: no
configure:4048: checking for DOS (with DJGPP)
configure:4064: gcc -std=gnu99 -c -g -O2  conftest.c >&5
conftest.c: In function 'main':
conftest.c:14: error: '__DJGPP__' undeclared (first use in this function)
conftest.c:14: error: (Each undeclared identifier is reported only once
conftest.c:14: error: for each function it appears in.)
configure:4064: $? = 1
configure: failed program was:
| /* confdefs.h */
| #define PACKAGE_NAME ""
| #define PACKAGE_TARNAME ""
| #define PACKAGE_VERSION ""
| #define PACKAGE_STRING ""
| #define PACKAGE_BUGREPORT ""
| #define PACKAGE_URL ""
| #define SYSTEM_XPDFRC "/home/john/etc/xpdfrc"
| /* end confdefs.h.  */
| 
| int
| main ()
| {
| __DJGPP__
|   ;
|   return 0;
| }
configure:4071: result: no
configure:4090: checking how to run the C preprocessor
configure:4121: gcc -std=gnu99 -E  conftest.c
configure:4121: $? = 0
configure:4135: gcc -std=gnu99 -E  conftest.c
conftest.c:10:28: error: ac_nonexistent.h: No such file or directory
configure:4135: $? = 1
configure: failed program was:
| /* confdefs.h */
| #define PACKAGE_NAME ""
| #define PACKAGE_TARNAME ""
| #define PACKAGE_VERSION ""
| #define PACKAGE_STRING ""
| #define PACKAGE_BUGREPORT ""
| #define PACKAGE_URL ""
| #define SYSTEM_XPDFRC "/home/john/etc/xpdfrc"
| /* end confdefs.h.  */
| #include <ac_nonexistent.h>
configure:4160: result: gcc -std=gnu99 -E
configure:4180: gcc -std=gnu99 -E  conftest.c
configure:4180: $? = 0
configure:4194: gcc -std=gnu99 -E  conftest.c
conftest.c:10:28: error: ac_nonexistent.h: No such file or directory
configure:4194: $? = 1
configure: failed program was:
| /* confdefs.h */
| #define PACKAGE_NAME ""
| #define PACKAGE_TARNAME ""
| #define PACKAGE_VERSION ""
| #define PACKAGE_STRING ""
| #define PACKAGE_BUGREPORT ""
| #define PACKAGE_URL ""
| #define SYSTEM_XPDFRC "/home/john/etc/xpdfrc"
| /* end confdefs.h.  */
| #include <ac_nonexistent.h>
configure:4223: checking for X
configure:4362: gcc -std=gnu99 -o conftest -g -O2   conftest.c -lX11  >&5
conftest.c:10:22: error: X11/Xlib.h: No such file or directory
conftest.c: In function 'main':
conftest.c:14: warning: implicit declaration of function 'XrmInitialize'
configure:4362: $? = 1
configure: failed program was:
| /* confdefs.h */
| #define PACKAGE_NAME ""
| #define PACKAGE_TARNAME ""
| #define PACKAGE_VERSION ""
| #define PACKAGE_STRING ""
| #define PACKAGE_BUGREPORT ""
| #define PACKAGE_URL ""
| #define SYSTEM_XPDFRC "/home/john/etc/xpdfrc"
| /* end confdefs.h.  */
| #include <X11/Xlib.h>
| int
| main ()
| {
| XrmInitialize ()
|   ;
|   return 0;
| }
configure:4401: result: no
configure:4909: checking for dirent.h that defines DIR
configure:4928: gcc -std=gnu99 -c -g -O2  conftest.c >&5
configure:4928: $? = 0
configure:4936: result: yes
configure:4950: checking for library containing opendir
configure:4981: gcc -std=gnu99 -o conftest -g -O2   conftest.c  >&5
configure:4981: $? = 0
configure:4998: result: none required
configure:5074: checking for gethostbyname
configure:5074: g++ -o conftest    conftest.cpp  >&5
./configure: line 1718: g++: command not found
configure:5074: $? = 127
configure: failed program was:
| /* confdefs.h */
| #define PACKAGE_NAME ""
| #define PACKAGE_TARNAME ""
| #define PACKAGE_VERSION ""
| #define PACKAGE_STRING ""
| #define PACKAGE_BUGREPORT ""
| #define PACKAGE_URL ""
| #define SYSTEM_XPDFRC "/home/john/etc/xpdfrc"
| #define X_DISPLAY_MISSING 1
| #define HAVE_DIRENT_H 1
| /* end confdefs.h.  */
| /* Define gethostbyname to an innocuous variant, in case <limits.h> declares gethostbyname.
|    For example, HP-UX 11i <limits.h> declares gettimeofday.  */
| #define gethostbyname innocuous_gethostbyname
| 
| /* System header to define __stub macros and hopefully few prototypes,
|     which can conflict with char gethostbyname (); below.
|     Prefer <limits.h> to <assert.h> if __STDC__ is defined, since
|     <limits.h> exists even on freestanding compilers.  */
| 
| #ifdef __STDC__
| # include <limits.h>
| #else
| # include <assert.h>
| #endif
| 
| #undef gethostbyname
| 
| /* Override any GCC internal prototype to avoid an error.
|    Use char because int might match the return type of a GCC
|    builtin and then its argument prototype would still apply.  */
| #ifdef __cplusplus
| extern "C"
| #endif
| char gethostbyname ();
| /* The GNU C library defines this for functions which it implements
|     to always fail with ENOSYS.  Some functions are actually named
|     something starting with __ and the normal name is an alias.  */
| #if defined __stub_gethostbyname || defined __stub___gethostbyname
| choke me
| #endif
| 
| int
| main ()
| {
| return gethostbyname ();
|   ;
|   return 0;
| }
configure:5074: result: no
configure:5080: checking for gethostbyname in -lbsd
configure:5105: g++ -o conftest    conftest.cpp -lbsd   >&5
./configure: line 1718: g++: command not found
configure:5105: $? = 127
configure: failed program was:
| /* confdefs.h */
| #define PACKAGE_NAME ""
| #define PACKAGE_TARNAME ""
| #define PACKAGE_VERSION ""
| #define PACKAGE_STRING ""
| #define PACKAGE_BUGREPORT ""
| #define PACKAGE_URL ""
| #define SYSTEM_XPDFRC "/home/john/etc/xpdfrc"
| #define X_DISPLAY_MISSING 1
| #define HAVE_DIRENT_H 1
| /* end confdefs.h.  */
| 
| /* Override any GCC internal prototype to avoid an error.
|    Use char because int might match the return type of a GCC
|    builtin and then its argument prototype would still apply.  */
| #ifdef __cplusplus
| extern "C"
| #endif
| char gethostbyname ();
| int
| main ()
| {
| return gethostbyname ();
|   ;
|   return 0;
| }
configure:5114: result: no
configure:5122: checking select() and fd_set in sys/select.h and sys/bsdtypes.h
configure:5139: g++ -c   conftest.cpp >&5
./configure: line 1576: g++: command not found
configure:5139: $? = 127
configure: failed program was:
| /* confdefs.h */
| #define PACKAGE_NAME ""
| #define PACKAGE_TARNAME ""
| #define PACKAGE_VERSION ""
| #define PACKAGE_STRING ""
| #define PACKAGE_BUGREPORT ""
| #define PACKAGE_URL ""
| #define SYSTEM_XPDFRC "/home/john/etc/xpdfrc"
| #define X_DISPLAY_MISSING 1
| #define HAVE_DIRENT_H 1
| /* end confdefs.h.  */
| #include <stdlib.h>
| #include <stddef.h>
| #include <unistd.h>
| #include <sys/types.h>
| int
| main ()
| {
| fd_set fds;
| select(0, NULL, NULL, NULL, NULL);
|   ;
|   return 0;
| }
configure:5165: g++ -c   conftest.cpp >&5
./configure: line 1576: g++: command not found
configure:5165: $? = 127
configure: failed program was:
| /* confdefs.h */
| #define PACKAGE_NAME ""
| #define PACKAGE_TARNAME ""
| #define PACKAGE_VERSION ""
| #define PACKAGE_STRING ""
| #define PACKAGE_BUGREPORT ""
| #define PACKAGE_URL ""
| #define SYSTEM_XPDFRC "/home/john/etc/xpdfrc"
| #define X_DISPLAY_MISSING 1
| #define HAVE_DIRENT_H 1
| /* end confdefs.h.  */
| #include <stdlib.h>
| #include <stddef.h>
| #include <unistd.h>
| #include <sys/types.h>
| #include <sys/select.h>
| int
| main ()
| {
| fd_set fds;
| select(0, NULL, NULL, NULL, NULL);
|   ;
|   return 0;
| }
configure:5193: g++ -c   conftest.cpp >&5
./configure: line 1576: g++: command not found
configure:5193: $? = 127
configure: failed program was:
| /* confdefs.h */
| #define PACKAGE_NAME ""
| #define PACKAGE_TARNAME ""
| #define PACKAGE_VERSION ""
| #define PACKAGE_STRING ""
| #define PACKAGE_BUGREPORT ""
| #define PACKAGE_URL ""
| #define SYSTEM_XPDFRC "/home/john/etc/xpdfrc"
| #define X_DISPLAY_MISSING 1
| #define HAVE_DIRENT_H 1
| /* end confdefs.h.  */
| #include <stdlib.h>
| #include <stddef.h>
| #include <unistd.h>
| #include <sys/types.h>
| #include <sys/bsdtypes.h>
| int
| main ()
| {
| fd_set fds;
| select(0, NULL, NULL, NULL, NULL);
|   ;
|   return 0;
| }
configure:5205: result: problem
configure:5211: checking FD_ZERO and strings.h or bstring.h
configure:5228: g++ -c   conftest.cpp >&5
./configure: line 1576: g++: command not found
configure:5228: $? = 127
configure: failed program was:
| /* confdefs.h */
| #define PACKAGE_NAME ""
| #define PACKAGE_TARNAME ""
| #define PACKAGE_VERSION ""
| #define PACKAGE_STRING ""
| #define PACKAGE_BUGREPORT ""
| #define PACKAGE_URL ""
| #define SYSTEM_XPDFRC "/home/john/etc/xpdfrc"
| #define X_DISPLAY_MISSING 1
| #define HAVE_DIRENT_H 1
| /* end confdefs.h.  */
| #include <stdlib.h>
| #include <sys/types.h>
| #ifdef HAVE_SYS_SELECT_H
| #include <sys/select.h>
| #endif
| int
| main ()
| {
| fd_set fds; FD_ZERO(&fds);
|   ;
|   return 0;
| }
configure:5254: g++ -c   conftest.cpp >&5
./configure: line 1576: g++: command not found
configure:5254: $? = 127
configure: failed program was:
| /* confdefs.h */
| #define PACKAGE_NAME ""
| #define PACKAGE_TARNAME ""
| #define PACKAGE_VERSION ""
| #define PACKAGE_STRING ""
| #define PACKAGE_BUGREPORT ""
| #define PACKAGE_URL ""
| #define SYSTEM_XPDFRC "/home/john/etc/xpdfrc"
| #define X_DISPLAY_MISSING 1
| #define HAVE_DIRENT_H 1
| /* end confdefs.h.  */
| #include <stdlib.h>
| #include <sys/types.h>
| #include <strings.h>
| #ifdef HAVE_SYS_SELECT_H
| #include <sys/select.h>
| #endif
| int
| main ()
| {
| fd_set fds; FD_ZERO(&fds);
|   ;
|   return 0;
| }
configure:5282: g++ -c   conftest.cpp >&5
./configure: line 1576: g++: command not found
configure:5282: $? = 127
configure: failed program was:
| /* confdefs.h */
| #define PACKAGE_NAME ""
| #define PACKAGE_TARNAME ""
| #define PACKAGE_VERSION ""
| #define PACKAGE_STRING ""
| #define PACKAGE_BUGREPORT ""
| #define PACKAGE_URL ""
| #define SYSTEM_XPDFRC "/home/john/etc/xpdfrc"
| #define X_DISPLAY_MISSING 1
| #define HAVE_DIRENT_H 1
| /* end confdefs.h.  */
| #include <stdlib.h>
| #include <sys/types.h>
| #include <bstring.h>
| #ifdef HAVE_SYS_SELECT_H
| #include <sys/select.h>
| #endif
| int
| main ()
| {
| fd_set fds; FD_ZERO(&fds);
|   ;
|   return 0;
| }
configure:5294: result: problem
configure:5302: checking for rewinddir
configure:5302: g++ -o conftest    conftest.cpp  >&5
./configure: line 1718: g++: command not found
configure:5302: $? = 127
configure: failed program was:
| /* confdefs.h */
| #define PACKAGE_NAME ""
| #define PACKAGE_TARNAME ""
| #define PACKAGE_VERSION ""
| #define PACKAGE_STRING ""
| #define PACKAGE_BUGREPORT ""
| #define PACKAGE_URL ""
| #define SYSTEM_XPDFRC "/home/john/etc/xpdfrc"
| #define X_DISPLAY_MISSING 1
| #define HAVE_DIRENT_H 1
| /* end confdefs.h.  */
| /* Define rewinddir to an innocuous variant, in case <limits.h> declares rewinddir.
|    For example, HP-UX 11i <limits.h> declares gettimeofday.  */
| #define rewinddir innocuous_rewinddir
| 
| /* System header to define __stub macros and hopefully few prototypes,
|     which can conflict with char rewinddir (); below.
|     Prefer <limits.h> to <assert.h> if __STDC__ is defined, since
|     <limits.h> exists even on freestanding compilers.  */
| 
| #ifdef __STDC__
| # include <limits.h>
| #else
| # include <assert.h>
| #endif
| 
| #undef rewinddir
| 
| /* Override any GCC internal prototype to avoid an error.
|    Use char because int might match the return type of a GCC
|    builtin and then its argument prototype would still apply.  */
| #ifdef __cplusplus
| extern "C"
| #endif
| char rewinddir ();
| /* The GNU C library defines this for functions which it implements
|     to always fail with ENOSYS.  Some functions are actually named
|     something starting with __ and the normal name is an alias.  */
| #if defined __stub_rewinddir || defined __stub___rewinddir
| choke me
| #endif
| 
| int
| main ()
| {
| return rewinddir ();
|   ;
|   return 0;
| }
configure:5302: result: no
configure:5312: checking for rewinddir in -lcposix
configure:5337: g++ -o conftest    conftest.cpp -lcposix   >&5
./configure: line 1718: g++: command not found
configure:5337: $? = 127
configure: failed program was:
| /* confdefs.h */
| #define PACKAGE_NAME ""
| #define PACKAGE_TARNAME ""
| #define PACKAGE_VERSION ""
| #define PACKAGE_STRING ""
| #define PACKAGE_BUGREPORT ""
| #define PACKAGE_URL ""
| #define SYSTEM_XPDFRC "/home/john/etc/xpdfrc"
| #define X_DISPLAY_MISSING 1
| #define HAVE_DIRENT_H 1
| /* end confdefs.h.  */
| 
| /* Override any GCC internal prototype to avoid an error.
|    Use char because int might match the return type of a GCC
|    builtin and then its argument prototype would still apply.  */
| #ifdef __cplusplus
| extern "C"
| #endif
| char rewinddir ();
| int
| main ()
| {
| return rewinddir ();
|   ;
|   return 0;
| }
configure:5346: result: no
configure:5361: checking for popen
configure:5361: g++ -o conftest    conftest.cpp  >&5
./configure: line 1718: g++: command not found
configure:5361: $? = 127
configure: failed program was:
| /* confdefs.h */
| #define PACKAGE_NAME ""
| #define PACKAGE_TARNAME ""
| #define PACKAGE_VERSION ""
| #define PACKAGE_STRING ""
| #define PACKAGE_BUGREPORT ""
| #define PACKAGE_URL ""
| #define SYSTEM_XPDFRC "/home/john/etc/xpdfrc"
| #define X_DISPLAY_MISSING 1
| #define HAVE_DIRENT_H 1
| /* end confdefs.h.  */
| /* Define popen to an innocuous variant, in case <limits.h> declares popen.
|    For example, HP-UX 11i <limits.h> declares gettimeofday.  */
| #define popen innocuous_popen
| 
| /* System header to define __stub macros and hopefully few prototypes,
|     which can conflict with char popen (); below.
|     Prefer <limits.h> to <assert.h> if __STDC__ is defined, since
|     <limits.h> exists even on freestanding compilers.  */
| 
| #ifdef __STDC__
| # include <limits.h>
| #else
| # include <assert.h>
| #endif
| 
| #undef popen
| 
| /* Override any GCC internal prototype to avoid an error.
|    Use char because int might match the return type of a GCC
|    builtin and then its argument prototype would still apply.  */
| #ifdef __cplusplus
| extern "C"
| #endif
| char popen ();
| /* The GNU C library defines this for functions which it implements
|     to always fail with ENOSYS.  Some functions are actually named
|     something starting with __ and the normal name is an alias.  */
| #if defined __stub_popen || defined __stub___popen
| choke me
| #endif
| 
| int
| main ()
| {
| return popen ();
|   ;
|   return 0;
| }
configure:5361: result: no
configure:5370: checking for mkstemp
configure:5387: g++ -o conftest    conftest.cpp  >&5
./configure: line 1718: g++: command not found
configure:5387: $? = 127
configure: failed program was:
| /* confdefs.h */
| #define PACKAGE_NAME ""
| #define PACKAGE_TARNAME ""
| #define PACKAGE_VERSION ""
| #define PACKAGE_STRING ""
| #define PACKAGE_BUGREPORT ""
| #define PACKAGE_URL ""
| #define SYSTEM_XPDFRC "/home/john/etc/xpdfrc"
| #define X_DISPLAY_MISSING 1
| #define HAVE_DIRENT_H 1
| /* end confdefs.h.  */
| #include <stdlib.h>
| #include <unistd.h>
| int
| main ()
| {
| mkstemp("foo");
|   ;
|   return 0;
| }
configure:5395: result: no
configure:5401: checking for mkstemps
configure:5418: g++ -o conftest    conftest.cpp  >&5
./configure: line 1718: g++: command not found
configure:5418: $? = 127
configure: failed program was:
| /* confdefs.h */
| #define PACKAGE_NAME ""
| #define PACKAGE_TARNAME ""
| #define PACKAGE_VERSION ""
| #define PACKAGE_STRING ""
| #define PACKAGE_BUGREPORT ""
| #define PACKAGE_URL ""
| #define SYSTEM_XPDFRC "/home/john/etc/xpdfrc"
| #define X_DISPLAY_MISSING 1
| #define HAVE_DIRENT_H 1
| /* end confdefs.h.  */
| #include <stdlib.h>
| #include <unistd.h>
| int
| main ()
| {
| mkstemps("foo", 0);
|   ;
|   return 0;
| }
configure:5426: result: no
configure:5433: checking whether select takes fd_set arguments
configure:5455: g++ -c   conftest.cpp >&5
./configure: line 1576: g++: command not found
configure:5455: $? = 127
configure: failed program was:
| /* confdefs.h */
| #define PACKAGE_NAME ""
| #define PACKAGE_TARNAME ""
| #define PACKAGE_VERSION ""
| #define PACKAGE_STRING ""
| #define PACKAGE_BUGREPORT ""
| #define PACKAGE_URL ""
| #define SYSTEM_XPDFRC "/home/john/etc/xpdfrc"
| #define X_DISPLAY_MISSING 1
| #define HAVE_DIRENT_H 1
| /* end confdefs.h.  */
| #include <sys/types.h>
| #include <sys/time.h>
| #include <unistd.h>
| #ifdef HAVE_SYS_SELECT_H
| #include <sys/select.h>
| #endif
| int
| main ()
| {
| fd_set fds;
| select(1, &fds, &fds, &fds, 0);
|   ;
|   return 0;
| }
configure:5462: result: no
configure:5469: checking for std::sort
configure:5489: g++ -c   conftest.cpp >&5
./configure: line 1576: g++: command not found
configure:5489: $? = 127
configure: failed program was:
| /* confdefs.h */
| #define PACKAGE_NAME ""
| #define PACKAGE_TARNAME ""
| #define PACKAGE_VERSION ""
| #define PACKAGE_STRING ""
| #define PACKAGE_BUGREPORT ""
| #define PACKAGE_URL ""
| #define SYSTEM_XPDFRC "/home/john/etc/xpdfrc"
| #define X_DISPLAY_MISSING 1
| #define HAVE_DIRENT_H 1
| #define SELECT_TAKES_INT 1
| /* end confdefs.h.  */
| #include <algorithm>
| struct functor {
|   bool operator()(const int &i0, const int &i1) { return i0 < i1; }
| };
| int
| main ()
| {
| int a[100];
| std::sort(a, a+100, functor());
|   ;
|   return 0;
| }
configure:5496: result: no
configure:5517: checking for special C compiler options needed for large files
configure:5562: result: no
configure:5568: checking for _FILE_OFFSET_BITS value needed for large files
configure:5593: gcc -std=gnu99 -c -g -O2  conftest.c >&5
configure:5593: $? = 0
configure:5625: result: no
configure:5708: checking for _LARGEFILE_SOURCE value needed for large files
configure:5727: gcc -std=gnu99 -o conftest -g -O2   conftest.c  >&5
configure:5727: $? = 0
configure:5755: result: no
configure:5778: checking for fseek64
configure:5778: gcc -std=gnu99 -o conftest -g -O2   conftest.c  >&5
/tmp/ccc7M91i.o: In function `main':
/home/john/fts/xpdf-3.03/conftest.c:48: undefined reference to `fseek64'
collect2: ld returned 1 exit status
configure:5778: $? = 1
configure: failed program was:
| /* confdefs.h */
| #define PACKAGE_NAME ""
| #define PACKAGE_TARNAME ""
| #define PACKAGE_VERSION ""
| #define PACKAGE_STRING ""
| #define PACKAGE_BUGREPORT ""
| #define PACKAGE_URL ""
| #define SYSTEM_XPDFRC "/home/john/etc/xpdfrc"
| #define X_DISPLAY_MISSING 1
| #define HAVE_DIRENT_H 1
| #define SELECT_TAKES_INT 1
| #define HAVE_FSEEKO 1
| /* end confdefs.h.  */
| /* Define fseek64 to an innocuous variant, in case <limits.h> declares fseek64.
|    For example, HP-UX 11i <limits.h> declares gettimeofday.  */
| #define fseek64 innocuous_fseek64
| 
| /* System header to define __stub macros and hopefully few prototypes,
|     which can conflict with char fseek64 (); below.
|     Prefer <limits.h> to <assert.h> if __STDC__ is defined, since
|     <limits.h> exists even on freestanding compilers.  */
| 
| #ifdef __STDC__
| # include <limits.h>
| #else
| # include <assert.h>
| #endif
| 
| #undef fseek64
| 
| /* Override any GCC internal prototype to avoid an error.
|    Use char because int might match the return type of a GCC
|    builtin and then its argument prototype would still apply.  */
| #ifdef __cplusplus
| extern "C"
| #endif
| char fseek64 ();
| /* The GNU C library defines this for functions which it implements
|     to always fail with ENOSYS.  Some functions are actually named
|     something starting with __ and the normal name is an alias.  */
| #if defined __stub_fseek64 || defined __stub___fseek64
| choke me
| #endif
| 
| int
| main ()
| {
| return fseek64 ();
|   ;
|   return 0;
| }
configure:5778: result: no
configure:5791: checking for ftell64
configure:5791: gcc -std=gnu99 -o conftest -g -O2   conftest.c  >&5
/tmp/ccaoXfhq.o: In function `main':
/home/john/fts/xpdf-3.03/conftest.c:48: undefined reference to `ftell64'
collect2: ld returned 1 exit status
configure:5791: $? = 1
configure: failed program was:
| /* confdefs.h */
| #define PACKAGE_NAME ""
| #define PACKAGE_TARNAME ""
| #define PACKAGE_VERSION ""
| #define PACKAGE_STRING ""
| #define PACKAGE_BUGREPORT ""
| #define PACKAGE_URL ""
| #define SYSTEM_XPDFRC "/home/john/etc/xpdfrc"
| #define X_DISPLAY_MISSING 1
| #define HAVE_DIRENT_H 1
| #define SELECT_TAKES_INT 1
| #define HAVE_FSEEKO 1
| /* end confdefs.h.  */
| /* Define ftell64 to an innocuous variant, in case <limits.h> declares ftell64.
|    For example, HP-UX 11i <limits.h> declares gettimeofday.  */
| #define ftell64 innocuous_ftell64
| 
| /* System header to define __stub macros and hopefully few prototypes,
|     which can conflict with char ftell64 (); below.
|     Prefer <limits.h> to <assert.h> if __STDC__ is defined, since
|     <limits.h> exists even on freestanding compilers.  */
| 
| #ifdef __STDC__
| # include <limits.h>
| #else
| # include <assert.h>
| #endif
| 
| #undef ftell64
| 
| /* Override any GCC internal prototype to avoid an error.
|    Use char because int might match the return type of a GCC
|    builtin and then its argument prototype would still apply.  */
| #ifdef __cplusplus
| extern "C"
| #endif
| char ftell64 ();
| /* The GNU C library defines this for functions which it implements
|     to always fail with ENOSYS.  Some functions are actually named
|     something starting with __ and the normal name is an alias.  */
| #if defined __stub_ftell64 || defined __stub___ftell64
| choke me
| #endif
| 
| int
| main ()
| {
| return ftell64 ();
|   ;
|   return 0;
| }
configure:5791: result: no
configure:7401: checking whether to use freetype2 library
configure:7408: result: maybe
configure:7457: checking where to find the freetype2 header files
configure:7464: result: 
configure:7483: checking ft2build.h usability
configure:7483: gcc -std=gnu99 -c -g -O2    conftest.c >&5
conftest.c:47:22: error: ft2build.h: No such file or directory
configure:7483: $? = 1
configure: failed program was:
| /* confdefs.h */
| #define PACKAGE_NAME ""
| #define PACKAGE_TARNAME ""
| #define PACKAGE_VERSION ""
| #define PACKAGE_STRING ""
| #define PACKAGE_BUGREPORT ""
| #define PACKAGE_URL ""
| #define SYSTEM_XPDFRC "/home/john/etc/xpdfrc"
| #define X_DISPLAY_MISSING 1
| #define HAVE_DIRENT_H 1
| #define SELECT_TAKES_INT 1
| #define HAVE_FSEEKO 1
| /* end confdefs.h.  */
| #include <stdio.h>
| #ifdef HAVE_SYS_TYPES_H
| # include <sys/types.h>
| #endif
| #ifdef HAVE_SYS_STAT_H
| # include <sys/stat.h>
| #endif
| #ifdef STDC_HEADERS
| # include <stdlib.h>
| # include <stddef.h>
| #else
| # ifdef HAVE_STDLIB_H
| #  include <stdlib.h>
| # endif
| #endif
| #ifdef HAVE_STRING_H
| # if !defined STDC_HEADERS && defined HAVE_MEMORY_H
| #  include <memory.h>
| # endif
| # include <string.h>
| #endif
| #ifdef HAVE_STRINGS_H
| # include <strings.h>
| #endif
| #ifdef HAVE_INTTYPES_H
| # include <inttypes.h>
| #endif
| #ifdef HAVE_STDINT_H
| # include <stdint.h>
| #endif
| #ifdef HAVE_UNISTD_H
| # include <unistd.h>
| #endif
| #include <ft2build.h>
configure:7483: result: no
configure:7483: checking ft2build.h presence
configure:7483: gcc -std=gnu99 -E    conftest.c
conftest.c:14:22: error: ft2build.h: No such file or directory
configure:7483: $? = 1
configure: failed program was:
| /* confdefs.h */
| #define PACKAGE_NAME ""
| #define PACKAGE_TARNAME ""
| #define PACKAGE_VERSION ""
| #define PACKAGE_STRING ""
| #define PACKAGE_BUGREPORT ""
| #define PACKAGE_URL ""
| #define SYSTEM_XPDFRC "/home/john/etc/xpdfrc"
| #define X_DISPLAY_MISSING 1
| #define HAVE_DIRENT_H 1
| #define SELECT_TAKES_INT 1
| #define HAVE_FSEEKO 1
| /* end confdefs.h.  */
| #include <ft2build.h>
configure:7483: result: no
configure:7483: checking for ft2build.h
configure:7483: result: no
configure:7564: result: not using freetype2 library
configure:7616: checking whether to use libpaper library
configure:7623: result: maybe
configure:7672: checking where to find the libpaper header files
configure:7679: result: 
configure:7698: checking paper.h usability
configure:7698: gcc -std=gnu99 -c -g -O2    conftest.c >&5
conftest.c:47:19: error: paper.h: No such file or directory
configure:7698: $? = 1
configure: failed program was:
| /* confdefs.h */
| #define PACKAGE_NAME ""
| #define PACKAGE_TARNAME ""
| #define PACKAGE_VERSION ""
| #define PACKAGE_STRING ""
| #define PACKAGE_BUGREPORT ""
| #define PACKAGE_URL ""
| #define SYSTEM_XPDFRC "/home/john/etc/xpdfrc"
| #define X_DISPLAY_MISSING 1
| #define HAVE_DIRENT_H 1
| #define SELECT_TAKES_INT 1
| #define HAVE_FSEEKO 1
| /* end confdefs.h.  */
| #include <stdio.h>
| #ifdef HAVE_SYS_TYPES_H
| # include <sys/types.h>
| #endif
| #ifdef HAVE_SYS_STAT_H
| # include <sys/stat.h>
| #endif
| #ifdef STDC_HEADERS
| # include <stdlib.h>
| # include <stddef.h>
| #else
| # ifdef HAVE_STDLIB_H
| #  include <stdlib.h>
| # endif
| #endif
| #ifdef HAVE_STRING_H
| # if !defined STDC_HEADERS && defined HAVE_MEMORY_H
| #  include <memory.h>
| # endif
| # include <string.h>
| #endif
| #ifdef HAVE_STRINGS_H
| # include <strings.h>
| #endif
| #ifdef HAVE_INTTYPES_H
| # include <inttypes.h>
| #endif
| #ifdef HAVE_STDINT_H
| # include <stdint.h>
| #endif
| #ifdef HAVE_UNISTD_H
| # include <unistd.h>
| #endif
| #include <paper.h>
configure:7698: result: no
configure:7698: checking paper.h presence
configure:7698: gcc -std=gnu99 -E    conftest.c
conftest.c:14:19: error: paper.h: No such file or directory
configure:7698: $? = 1
configure: failed program was:
| /* confdefs.h */
| #define PACKAGE_NAME ""
| #define PACKAGE_TARNAME ""
| #define PACKAGE_VERSION ""
| #define PACKAGE_STRING ""
| #define PACKAGE_BUGREPORT ""
| #define PACKAGE_URL ""
| #define SYSTEM_XPDFRC "/home/john/etc/xpdfrc"
| #define X_DISPLAY_MISSING 1
| #define HAVE_DIRENT_H 1
| #define SELECT_TAKES_INT 1
| #define HAVE_FSEEKO 1
| /* end confdefs.h.  */
| #include <paper.h>
configure:7698: result: no
configure:7698: checking for paper.h
configure:7698: result: no
configure:7779: result: not using libpaper library
configure:7915: creating ./config.status

## ---------------------- ##
## Running config.status. ##
## ---------------------- ##

This file was extended by config.status, which was
generated by GNU Autoconf 2.65.  Invocation command line was

  CONFIG_FILES    = 
  CONFIG_HEADERS  = 
  CONFIG_LINKS    = 
  CONFIG_COMMANDS = 
  $ ./config.status 

on hopper.si.edu

config.status:836: creating Makefile
config.status:939: WARNING:  'Makefile.in' seems to ignore the --datarootdir setting
config.status:836: creating goo/Makefile
config.status:836: creating fofi/Makefile
config.status:836: creating splash/Makefile
config.status:836: creating xpdf/Makefile
config.status:836: creating aconf.h
configure:9080: WARNING: Couldn't find X
configure:9084: WARNING: Couldn't find Motif
configure:9088: WARNING: Couldn't find FreeType
configure:9093: WARNING: -- You will be able to compile pdftops, pdftotext,
        pdfinfo, pdffonts, pdfdetach, and pdfimages, but not xpdf
        or pdftoppm

## ---------------- ##
## Cache variables. ##
## ---------------- ##

ac_cv_c_compiler_gnu=yes
ac_cv_cxx_compiler_gnu=no
ac_cv_env_CCC_set=
ac_cv_env_CCC_value=
ac_cv_env_CC_set=
ac_cv_env_CC_value=
ac_cv_env_CFLAGS_set=
ac_cv_env_CFLAGS_value=
ac_cv_env_CPPFLAGS_set=
ac_cv_env_CPPFLAGS_value=
ac_cv_env_CPP_set=
ac_cv_env_CPP_value=
ac_cv_env_CXXFLAGS_set=
ac_cv_env_CXXFLAGS_value=
ac_cv_env_CXX_set=
ac_cv_env_CXX_value=
ac_cv_env_LDFLAGS_set=
ac_cv_env_LDFLAGS_value=
ac_cv_env_LIBS_set=
ac_cv_env_LIBS_value=
ac_cv_env_XMKMF_set=
ac_cv_env_XMKMF_value=
ac_cv_env_build_alias_set=
ac_cv_env_build_alias_value=
ac_cv_env_host_alias_set=
ac_cv_env_host_alias_value=
ac_cv_env_target_alias_set=
ac_cv_env_target_alias_value=
ac_cv_func_fseek64=no
ac_cv_func_ftell64=no
ac_cv_func_gethostbyname=no
ac_cv_func_popen=no
ac_cv_func_rewinddir=no
ac_cv_have_x=have_x=no
ac_cv_header_dirent_dirent_h=yes
ac_cv_header_ft2build_h=no
ac_cv_header_paper_h=no
ac_cv_lib_bsd_gethostbyname=no
ac_cv_lib_cposix_rewinddir=no
ac_cv_objext=o
ac_cv_path_install='/usr/bin/install -c'
ac_cv_prog_CPP='gcc -std=gnu99 -E'
ac_cv_prog_ac_ct_CC=gcc
ac_cv_prog_ac_ct_RANLIB=ranlib
ac_cv_prog_cc_c89=
ac_cv_prog_cc_c99=-std=gnu99
ac_cv_prog_cc_g=yes
ac_cv_prog_cc_stdc=-std=gnu99
ac_cv_prog_cxx_g=no
ac_cv_search_opendir='none required'
ac_cv_search_strerror='none required'
ac_cv_sys_file_offset_bits=no
ac_cv_sys_largefile_CC=no
ac_cv_sys_largefile_source=no
smr_cv_with_freetype2_includes=
smr_cv_with_freetype2_library=maybe
smr_cv_with_libpaper_includes=
smr_cv_with_libpaper_library=maybe
xpdf_cv_func_fseek64=no
xpdf_cv_func_ftell64=no
xpdf_cv_func_mkstemp=no
xpdf_cv_func_mkstemps=no
xpdf_cv_func_select_arg=no
xpdf_cv_func_std_sort=no
xpdf_cv_sys_dos=no
xpdf_cv_sys_os2=no

## ----------------- ##
## Output variables. ##
## ----------------- ##

AR='ar rc'
CC='gcc -std=gnu99'
CFLAGS='-g -O2'
CPP='gcc -std=gnu99 -E'
CPPFLAGS=''
CXX='g++'
CXXFLAGS=''
DEFS='-DHAVE_CONFIG_H'
ECHO_C=''
ECHO_N='-n'
ECHO_T=''
EGREP=''
EXE=''
EXEEXT=''
GREP=''
INSTALL_DATA='${INSTALL} -m 644'
INSTALL_PROGRAM='${INSTALL}'
INSTALL_SCRIPT='${INSTALL}'
LDFLAGS=''
LIBOBJS=''
LIBPREFIX='lib'
LIBS=''
LTLIBOBJS=''
OBJEXT='o'
PACKAGE_BUGREPORT=''
PACKAGE_NAME=''
PACKAGE_STRING=''
PACKAGE_TARNAME=''
PACKAGE_URL=''
PACKAGE_VERSION=''
PATH_SEPARATOR=':'
RANLIB='ranlib'
SHELL='/bin/sh'
Sgm_CFLAGS=''
Sgm_LIBS=''
UP_DIR=''
X='#'
XMKMF=''
XPDF_TARGET='all-no-x'
X_CFLAGS=''
X_EXTRA_LIBS=''
X_LIBS=''
X_PRE_LIBS=''
Xext_CFLAGS=''
Xext_LIBS=''
Xm_CFLAGS=''
Xm_LIBS=''
Xp_CFLAGS=''
Xp_LIBS=''
Xpm_CFLAGS=''
Xpm_LIBS=''
Xt_CFLAGS=''
Xt_LIBS=''
ac_ct_CC='gcc'
ac_ct_CXX=''
bindir='${exec_prefix}/bin'
build_alias=''
datadir='${datarootdir}'
datarootdir='${prefix}/share'
docdir='${datarootdir}/doc/${PACKAGE}'
dvidir='${docdir}'
exec_prefix='${prefix}'
freetype2_CFLAGS=''
freetype2_LIBS=''
host_alias=''
htmldir='${docdir}'
includedir='${prefix}/include'
infodir='${datarootdir}/info'
libdir='${exec_prefix}/lib'
libexecdir='${exec_prefix}/libexec'
libpaper_CFLAGS=''
libpaper_LIBS=''
localedir='${datarootdir}/locale'
localstatedir='${prefix}/var'
mandir='${datarootdir}/man'
oldincludedir='/usr/include'
pdfdir='${docdir}'
prefix='/home/john'
program_transform_name='s,x,x,'
psdir='${docdir}'
sbindir='${exec_prefix}/sbin'
sharedstatedir='${prefix}/com'
sysconfdir='${prefix}/etc'
t1_CFLAGS=''
t1_LIBS=''
target_alias=''

## ----------- ##
## confdefs.h. ##
## ----------- ##

/* confdefs.h */
#define PACKAGE_NAME ""
#define PACKAGE_TARNAME ""
#define PACKAGE_VERSION ""
#define PACKAGE_STRING ""
#define PACKAGE_BUGREPORT ""
#define PACKAGE_URL ""
#define SYSTEM_XPDFRC "/home/john/etc/xpdfrc"
#define X_DISPLAY_MISSING 1
#define HAVE_DIRENT_H 1
#define SELECT_TAKES_INT 1
#define HAVE_FSEEKO 1

configure: exit 0
